Determining if the pthread_create exist failed with the following output:
Change Dir: /home/pi/catkin_workspace/build/CMakeFiles/CMakeTmp

Run Build Command:"/usr/bin/make" "cmTC_37fcb/fast"
/usr/bin/make -f CMakeFiles/cmTC_37fcb.dir/build.make CMakeFiles/cmTC_37fcb.dir/build
make[1]: Entering directory '/home/pi/catkin_workspace/build/CMakeFiles/CMakeTmp'
Building C object CMakeFiles/cmTC_37fcb.dir/CheckSymbolExists.c.o
/usr/bin/cc     -o CMakeFiles/cmTC_37fcb.dir/CheckSymbolExists.c.o   -c /home/pi/catkin_workspace/build/CMakeFiles/CMakeTmp/CheckSymbolExists.c
Linking C executable cmTC_37fcb
/usr/bin/cmake -E cmake_link_script CMakeFiles/cmTC_37fcb.dir/link.txt --verbose=1
/usr/bin/cc       CMakeFiles/cmTC_37fcb.dir/CheckSymbolExists.c.o  -o cmTC_37fcb -rdynamic 
CMakeFiles/cmTC_37fcb.dir/CheckSymbolExists.c.o: In function `main':
CheckSymbolExists.c:(.text+0xe): undefined reference to `pthread_create'
CheckSymbolExists.c:(.text+0x12): undefined reference to `pthread_create'
collect2: error: ld returned 1 exit status
CMakeFiles/cmTC_37fcb.dir/build.make:97: recipe for target 'cmTC_37fcb' failed
make[1]: *** [cmTC_37fcb] Error 1
make[1]: Leaving directory '/home/pi/catkin_workspace/build/CMakeFiles/CMakeTmp'
Makefile:126: recipe for target 'cmTC_37fcb/fast' failed
make: *** [cmTC_37fcb/fast] Error 2

File /home/pi/catkin_workspace/build/CMakeFiles/CMakeTmp/CheckSymbolExists.c:
/* */
#include <pthread.h>

int main(int argc, char** argv)
{
  (void)argv;
#ifndef pthread_create
  return ((int*)(&pthread_create))[argc];
#else
  (void)argc;
  return 0;
#endif
}

Determining if the function pthread_create exists in the pthreads failed with the following output:
Change Dir: /home/pi/catkin_workspace/build/CMakeFiles/CMakeTmp

Run Build Command:"/usr/bin/make" "cmTC_0dc82/fast"
/usr/bin/make -f CMakeFiles/cmTC_0dc82.dir/build.make CMakeFiles/cmTC_0dc82.dir/build
make[1]: Entering directory '/home/pi/catkin_workspace/build/CMakeFiles/CMakeTmp'
Building C object CMakeFiles/cmTC_0dc82.dir/CheckFunctionExists.c.o
/usr/bin/cc    -DCHECK_FUNCTION_EXISTS=pthread_create   -o CMakeFiles/cmTC_0dc82.dir/CheckFunctionExists.c.o   -c /usr/share/cmake-3.5/Modules/CheckFunctionExists.c
Linking C executable cmTC_0dc82
/usr/bin/cmake -E cmake_link_script CMakeFiles/cmTC_0dc82.dir/link.txt --verbose=1
/usr/bin/cc   -DCHECK_FUNCTION_EXISTS=pthread_create    CMakeFiles/cmTC_0dc82.dir/CheckFunctionExists.c.o  -o cmTC_0dc82 -rdynamic -lpthreads 
/usr/bin/ld: cannot find -lpthreads
collect2: error: ld returned 1 exit status
CMakeFiles/cmTC_0dc82.dir/build.make:97: recipe for target 'cmTC_0dc82' failed
make[1]: *** [cmTC_0dc82] Error 1
make[1]: Leaving directory '/home/pi/catkin_workspace/build/CMakeFiles/CMakeTmp'
Makefile:126: recipe for target 'cmTC_0dc82/fast' failed
make: *** [cmTC_0dc82/fast] Error 2


Determining if the Q_WS_WIN exist failed with the following output:
Change Dir: /home/pi/catkin_workspace/build/CMakeFiles/CMakeTmp

Run Build Command:"/usr/bin/make" "cmTC_46442/fast"
/usr/bin/make -f CMakeFiles/cmTC_46442.dir/build.make CMakeFiles/cmTC_46442.dir/build
make[1]: Entering directory '/home/pi/catkin_workspace/build/CMakeFiles/CMakeTmp'
Building CXX object CMakeFiles/cmTC_46442.dir/CheckSymbolExists.cxx.o
/usr/bin/c++    -I/usr/include/qt4   -o CMakeFiles/cmTC_46442.dir/CheckSymbolExists.cxx.o -c /home/pi/catkin_workspace/build/CMakeFiles/CMakeTmp/CheckSymbolExists.cxx
/home/pi/catkin_workspace/build/CMakeFiles/CMakeTmp/CheckSymbolExists.cxx: In function ‘int main(int, char**)’:
/home/pi/catkin_workspace/build/CMakeFiles/CMakeTmp/CheckSymbolExists.cxx:8:19: error: ‘Q_WS_WIN’ was not declared in this scope
   return ((int*)(&Q_WS_WIN))[argc];
                   ^
CMakeFiles/cmTC_46442.dir/build.make:65: recipe for target 'CMakeFiles/cmTC_46442.dir/CheckSymbolExists.cxx.o' failed
make[1]: *** [CMakeFiles/cmTC_46442.dir/CheckSymbolExists.cxx.o] Error 1
make[1]: Leaving directory '/home/pi/catkin_workspace/build/CMakeFiles/CMakeTmp'
Makefile:126: recipe for target 'cmTC_46442/fast' failed
make: *** [cmTC_46442/fast] Error 2

File /home/pi/catkin_workspace/build/CMakeFiles/CMakeTmp/CheckSymbolExists.cxx:
/* */
#include <QtCore/qglobal.h>

int main(int argc, char** argv)
{
  (void)argv;
#ifndef Q_WS_WIN
  return ((int*)(&Q_WS_WIN))[argc];
#else
  (void)argc;
  return 0;
#endif
}

Determining if the Q_WS_QWS exist failed with the following output:
Change Dir: /home/pi/catkin_workspace/build/CMakeFiles/CMakeTmp

Run Build Command:"/usr/bin/make" "cmTC_be3a1/fast"
/usr/bin/make -f CMakeFiles/cmTC_be3a1.dir/build.make CMakeFiles/cmTC_be3a1.dir/build
make[1]: Entering directory '/home/pi/catkin_workspace/build/CMakeFiles/CMakeTmp'
Building CXX object CMakeFiles/cmTC_be3a1.dir/CheckSymbolExists.cxx.o
/usr/bin/c++    -I/usr/include/qt4   -o CMakeFiles/cmTC_be3a1.dir/CheckSymbolExists.cxx.o -c /home/pi/catkin_workspace/build/CMakeFiles/CMakeTmp/CheckSymbolExists.cxx
/home/pi/catkin_workspace/build/CMakeFiles/CMakeTmp/CheckSymbolExists.cxx: In function ‘int main(int, char**)’:
/home/pi/catkin_workspace/build/CMakeFiles/CMakeTmp/CheckSymbolExists.cxx:8:19: error: ‘Q_WS_QWS’ was not declared in this scope
   return ((int*)(&Q_WS_QWS))[argc];
                   ^
CMakeFiles/cmTC_be3a1.dir/build.make:65: recipe for target 'CMakeFiles/cmTC_be3a1.dir/CheckSymbolExists.cxx.o' failed
make[1]: *** [CMakeFiles/cmTC_be3a1.dir/CheckSymbolExists.cxx.o] Error 1
make[1]: Leaving directory '/home/pi/catkin_workspace/build/CMakeFiles/CMakeTmp'
Makefile:126: recipe for target 'cmTC_be3a1/fast' failed
make: *** [cmTC_be3a1/fast] Error 2

File /home/pi/catkin_workspace/build/CMakeFiles/CMakeTmp/CheckSymbolExists.cxx:
/* */
#include <QtCore/qglobal.h>

int main(int argc, char** argv)
{
  (void)argv;
#ifndef Q_WS_QWS
  return ((int*)(&Q_WS_QWS))[argc];
#else
  (void)argc;
  return 0;
#endif
}

Determining if the Q_WS_MAC exist failed with the following output:
Change Dir: /home/pi/catkin_workspace/build/CMakeFiles/CMakeTmp

Run Build Command:"/usr/bin/make" "cmTC_73618/fast"
/usr/bin/make -f CMakeFiles/cmTC_73618.dir/build.make CMakeFiles/cmTC_73618.dir/build
make[1]: Entering directory '/home/pi/catkin_workspace/build/CMakeFiles/CMakeTmp'
Building CXX object CMakeFiles/cmTC_73618.dir/CheckSymbolExists.cxx.o
/usr/bin/c++    -I/usr/include/qt4   -o CMakeFiles/cmTC_73618.dir/CheckSymbolExists.cxx.o -c /home/pi/catkin_workspace/build/CMakeFiles/CMakeTmp/CheckSymbolExists.cxx
/home/pi/catkin_workspace/build/CMakeFiles/CMakeTmp/CheckSymbolExists.cxx: In function ‘int main(int, char**)’:
/home/pi/catkin_workspace/build/CMakeFiles/CMakeTmp/CheckSymbolExists.cxx:8:19: error: ‘Q_WS_MAC’ was not declared in this scope
   return ((int*)(&Q_WS_MAC))[argc];
                   ^
CMakeFiles/cmTC_73618.dir/build.make:65: recipe for target 'CMakeFiles/cmTC_73618.dir/CheckSymbolExists.cxx.o' failed
make[1]: *** [CMakeFiles/cmTC_73618.dir/CheckSymbolExists.cxx.o] Error 1
make[1]: Leaving directory '/home/pi/catkin_workspace/build/CMakeFiles/CMakeTmp'
Makefile:126: recipe for target 'cmTC_73618/fast' failed
make: *** [cmTC_73618/fast] Error 2

File /home/pi/catkin_workspace/build/CMakeFiles/CMakeTmp/CheckSymbolExists.cxx:
/* */
#include <QtCore/qglobal.h>

int main(int argc, char** argv)
{
  (void)argv;
#ifndef Q_WS_MAC
  return ((int*)(&Q_WS_MAC))[argc];
#else
  (void)argc;
  return 0;
#endif
}

